<?xml version="1.0" encoding="UTF-8"?>
<!-- Generated by org.testng.reporters.JUnitXMLReporter -->
<testsuite ignored="0" hostname="DESKTOP-S34PMRF" failures="0" tests="8" name="Default test" time="38.031" errors="0" timestamp="2021-11-17T11:26:24 IST">
  <testcase classname="com.sgtesting.Testng.scenarios.Assign1" name="launchBrowser" time="5.765"/>
  <testcase classname="com.sgtesting.Testng.scenarios.Assign1" name="navigate" time="3.952"/>
  <testcase classname="com.sgtesting.Testng.scenarios.Assign1" name="login" time="6.42"/>
  <testcase classname="com.sgtesting.Testng.scenarios.Assign1" name="minimizeFlyoutWindow" time="2.138"/>
  <testcase classname="com.sgtesting.Testng.scenarios.Assign1" name="CreateUser" time="8.384"/>
  <testcase classname="com.sgtesting.Testng.scenarios.Assign1" name="deleteUser" time="8.356"/>
  <testcase classname="com.sgtesting.Testng.scenarios.Assign1" name="logout" time="2.419"/>
  <testcase classname="com.sgtesting.Testng.scenarios.Assign1" name="closeApplication" time="0.419"/>
</testsuite> <!-- Default test -->
