<?xml version="1.0" encoding="UTF-8"?>
<testng-results ignored="0" total="8" passed="8" failed="0" skipped="0">
  <reporter-output>
  </reporter-output>
  <suite started-at="2021-11-17T11:25:46 IST" name="Default suite" finished-at="2021-11-17T11:26:24 IST" duration-ms="38031">
    <groups>
    </groups>
    <test started-at="2021-11-17T11:25:46 IST" name="Default test" finished-at="2021-11-17T11:26:24 IST" duration-ms="38031">
      <class name="com.sgtesting.Testng.scenarios.Assign1">
        <test-method signature="launchBrowser()[pri:1, instance:com.sgtesting.Testng.scenarios.Assign1@325f7fa9]" started-at="2021-11-17T11:25:46 IST" name="launchBrowser" finished-at="2021-11-17T11:25:52 IST" duration-ms="5765" status="PASS">
          <reporter-output>
          </reporter-output>
        </test-method> <!-- launchBrowser -->
        <test-method signature="navigate()[pri:2, instance:com.sgtesting.Testng.scenarios.Assign1@325f7fa9]" started-at="2021-11-17T11:25:52 IST" name="navigate" finished-at="2021-11-17T11:25:56 IST" duration-ms="3952" status="PASS">
          <reporter-output>
          </reporter-output>
        </test-method> <!-- navigate -->
        <test-method signature="login()[pri:3, instance:com.sgtesting.Testng.scenarios.Assign1@325f7fa9]" started-at="2021-11-17T11:25:56 IST" name="login" finished-at="2021-11-17T11:26:02 IST" duration-ms="6420" status="PASS">
          <reporter-output>
          </reporter-output>
        </test-method> <!-- login -->
        <test-method signature="minimizeFlyoutWindow()[pri:4, instance:com.sgtesting.Testng.scenarios.Assign1@325f7fa9]" started-at="2021-11-17T11:26:02 IST" name="minimizeFlyoutWindow" finished-at="2021-11-17T11:26:04 IST" duration-ms="2138" status="PASS">
          <reporter-output>
          </reporter-output>
        </test-method> <!-- minimizeFlyoutWindow -->
        <test-method signature="CreateUser()[pri:5, instance:com.sgtesting.Testng.scenarios.Assign1@325f7fa9]" started-at="2021-11-17T11:26:04 IST" name="CreateUser" finished-at="2021-11-17T11:26:13 IST" duration-ms="8384" status="PASS">
          <reporter-output>
          </reporter-output>
        </test-method> <!-- CreateUser -->
        <test-method signature="deleteUser()[pri:6, instance:com.sgtesting.Testng.scenarios.Assign1@325f7fa9]" started-at="2021-11-17T11:26:13 IST" name="deleteUser" finished-at="2021-11-17T11:26:21 IST" duration-ms="8356" status="PASS">
          <reporter-output>
          </reporter-output>
        </test-method> <!-- deleteUser -->
        <test-method signature="logout()[pri:7, instance:com.sgtesting.Testng.scenarios.Assign1@325f7fa9]" started-at="2021-11-17T11:26:21 IST" name="logout" finished-at="2021-11-17T11:26:24 IST" duration-ms="2419" status="PASS">
          <reporter-output>
          </reporter-output>
        </test-method> <!-- logout -->
        <test-method signature="closeApplication()[pri:8, instance:com.sgtesting.Testng.scenarios.Assign1@325f7fa9]" started-at="2021-11-17T11:26:24 IST" name="closeApplication" finished-at="2021-11-17T11:26:24 IST" duration-ms="419" status="PASS">
          <reporter-output>
          </reporter-output>
        </test-method> <!-- closeApplication -->
      </class> <!-- com.sgtesting.Testng.scenarios.Assign1 -->
    </test> <!-- Default test -->
  </suite> <!-- Default suite -->
</testng-results>
