<?xml version="1.0" encoding="UTF-8"?>
<!-- Generated by org.testng.reporters.JUnitXMLReporter -->
<testsuite ignored="0" hostname="DESKTOP-S34PMRF" failures="0" tests="11" name="TestNG Scenarios" time="64.931" errors="0" timestamp="2021-11-17T10:55:25 IST">
  <testcase classname="com.sgtesting.Testng.scenarios.Assign6" name="launchBrowser" time="3.822"/>
  <testcase classname="com.sgtesting.Testng.scenarios.Assign6" name="navigate" time="3.767"/>
  <testcase classname="com.sgtesting.Testng.scenarios.Assign6" name="login" time="3.443"/>
  <testcase classname="com.sgtesting.Testng.scenarios.Assign6" name="minimizeFlyoutWindow" time="2.138"/>
  <testcase classname="com.sgtesting.Testng.scenarios.Assign6" name="CreateCustomer" time="13.528"/>
  <testcase classname="com.sgtesting.Testng.scenarios.Assign6" name="createProject" time="6.565"/>
  <testcase classname="com.sgtesting.Testng.scenarios.Assign6" name="modifyProject" time="8.62"/>
  <testcase classname="com.sgtesting.Testng.scenarios.Assign6" name="deleteProject" time="8.562"/>
  <testcase classname="com.sgtesting.Testng.scenarios.Assign6" name="deleteCustomer" time="11.564"/>
  <testcase classname="com.sgtesting.Testng.scenarios.Assign6" name="logout" time="2.475"/>
  <testcase classname="com.sgtesting.Testng.scenarios.Assign6" name="closeApplication" time="0.328"/>
</testsuite> <!-- TestNG Scenarios -->
