<?xml version="1.0" encoding="UTF-8"?>
<!-- Generated by org.testng.reporters.JUnitXMLReporter -->
<testsuite ignored="0" hostname="DESKTOP-S34PMRF" failures="0" tests="9" name="Users and Products" time="49.714" errors="0" timestamp="2021-11-16T23:18:17 IST">
  <testcase classname="com.sgtesting.Testng.scenarios.AssgnQ2" name="launchBrowser" time="4.061"/>
  <testcase classname="com.sgtesting.Testng.scenarios.AssgnQ2" name="navigate" time="3.763"/>
  <testcase classname="com.sgtesting.Testng.scenarios.AssgnQ2" name="login" time="6.35"/>
  <testcase classname="com.sgtesting.Testng.scenarios.AssgnQ2" name="minimizeFlyoutWindow" time="2.127"/>
  <testcase classname="com.sgtesting.Testng.scenarios.AssgnQ2" name="createUser" time="11.798"/>
  <testcase classname="com.sgtesting.Testng.scenarios.AssgnQ2" name="modifyUser" time="9.459"/>
  <testcase classname="com.sgtesting.Testng.scenarios.AssgnQ2" name="deleteUser" time="9.294"/>
  <testcase classname="com.sgtesting.Testng.scenarios.AssgnQ2" name="logout" time="2.41"/>
  <testcase classname="com.sgtesting.Testng.scenarios.AssgnQ2" name="closeApplication" time="0.342"/>
</testsuite> <!-- Users and Products -->
